[debug] [2026-03-12T11:02:09.663Z] ----------------------------------------------------------------------
[debug] [2026-03-12T11:02:09.666Z] Command:       C:\Program Files\nodejs\node.exe C:\Users\vidur\AppData\Roaming\npm\node_modules\firebase-tools\lib\bin\firebase.js init functions
[debug] [2026-03-12T11:02:09.666Z] CLI Version:   15.9.1
[debug] [2026-03-12T11:02:09.667Z] Platform:      win32
[debug] [2026-03-12T11:02:09.667Z] Node Version:  v24.14.0
[debug] [2026-03-12T11:02:09.667Z] Time:          Thu Mar 12 2026 16:32:09 GMT+0530 (India Standard Time)
[debug] [2026-03-12T11:02:09.667Z] ----------------------------------------------------------------------
[debug] 
[info] 
     ######## #### ########  ######## ########     ###     ######  ########
     ##        ##  ##     ## ##       ##     ##  ##   ##  ##       ##
     ######    ##  ########  ######   ########  #########  ######  ######
     ##        ##  ##    ##  ##       ##     ## ##     ##       ## ##
     ##       #### ##     ## ######## ########  ##     ##  ######  ########

You're about to initialize a Firebase project in this directory:

  C:\Users\vidur\vitaltrack-backend

[info] 
=== Project Setup
[info] 
[info] First, let's associate this project directory with a Firebase project.
[info] You can create multiple project aliases by running firebase use --add, 
[info] 
[debug] [2026-03-12T11:03:45.027Z] > command requires scopes: ["email","openid","https://www.googleapis.com/auth/cloudplatformprojects.readonly","https://www.googleapis.com/auth/firebase","https://www.googleapis.com/auth/cloud-platform"]
[debug] [2026-03-12T11:03:45.028Z] > authorizing via signed-in user (viduranip.15@gmail.com)
[debug] [2026-03-12T11:03:45.029Z] Checked if tokens are valid: true, expires at: 1773316750361
[debug] [2026-03-12T11:03:45.029Z] Checked if tokens are valid: true, expires at: 1773316750361
[debug] [2026-03-12T11:03:45.030Z] >>> [apiv2][query] GET https://firebase.googleapis.com/v1beta1/projects pageSize=100
[debug] [2026-03-12T11:03:45.974Z] <<< [apiv2][status] GET https://firebase.googleapis.com/v1beta1/projects 200
[debug] [2026-03-12T11:03:45.974Z] <<< [apiv2][body] GET https://firebase.googleapis.com/v1beta1/projects [omitted]
[info] 
=== Functions Setup
[debug] [2026-03-12T11:03:59.186Z] > command requires scopes: ["email","openid","https://www.googleapis.com/auth/cloudplatformprojects.readonly","https://www.googleapis.com/auth/firebase","https://www.googleapis.com/auth/cloud-platform"]
[debug] [2026-03-12T11:03:59.186Z] > authorizing via signed-in user (viduranip.15@gmail.com)
[debug] [2026-03-12T11:03:59.186Z] [iam] checking project vitaltrack-vcode-7a4b6 for permissions ["firebase.projects.get"]
[debug] [2026-03-12T11:03:59.186Z] Checked if tokens are valid: true, expires at: 1773316750361
[debug] [2026-03-12T11:03:59.186Z] Checked if tokens are valid: true, expires at: 1773316750361
[debug] [2026-03-12T11:03:59.186Z] >>> [apiv2][query] POST https://cloudresourcemanager.googleapis.com/v1/projects/vitaltrack-vcode-7a4b6:testIamPermissions [none]
[debug] [2026-03-12T11:03:59.186Z] >>> [apiv2][(partial)header] POST https://cloudresourcemanager.googleapis.com/v1/projects/vitaltrack-vcode-7a4b6:testIamPermissions  x-goog-user-project=vitaltrack-vcode-7a4b6
[debug] [2026-03-12T11:03:59.186Z] >>> [apiv2][body] POST https://cloudresourcemanager.googleapis.com/v1/projects/vitaltrack-vcode-7a4b6:testIamPermissions {"permissions":["firebase.projects.get"]}
[debug] [2026-03-12T11:04:01.029Z] <<< [apiv2][status] POST https://cloudresourcemanager.googleapis.com/v1/projects/vitaltrack-vcode-7a4b6:testIamPermissions 200
[debug] [2026-03-12T11:04:01.029Z] <<< [apiv2][body] POST https://cloudresourcemanager.googleapis.com/v1/projects/vitaltrack-vcode-7a4b6:testIamPermissions {"permissions":["firebase.projects.get"]}
[debug] [2026-03-12T11:04:01.031Z] Checked if tokens are valid: true, expires at: 1773316750361
[debug] [2026-03-12T11:04:01.031Z] Checked if tokens are valid: true, expires at: 1773316750361
[debug] [2026-03-12T11:04:01.031Z] Checked if tokens are valid: true, expires at: 1773316750361
[debug] [2026-03-12T11:04:01.031Z] Checked if tokens are valid: true, expires at: 1773316750361
[debug] [2026-03-12T11:04:01.031Z] >>> [apiv2][query] GET https://serviceusage.googleapis.com/v1/projects/vitaltrack-vcode-7a4b6/services/cloudfunctions.googleapis.com [none]
[debug] [2026-03-12T11:04:01.032Z] >>> [apiv2][(partial)header] GET https://serviceusage.googleapis.com/v1/projects/vitaltrack-vcode-7a4b6/services/cloudfunctions.googleapis.com  x-goog-user-project=vitaltrack-vcode-7a4b6
[debug] [2026-03-12T11:04:01.034Z] >>> [apiv2][query] GET https://serviceusage.googleapis.com/v1/projects/vitaltrack-vcode-7a4b6/services/runtimeconfig.googleapis.com [none]
[debug] [2026-03-12T11:04:01.034Z] >>> [apiv2][(partial)header] GET https://serviceusage.googleapis.com/v1/projects/vitaltrack-vcode-7a4b6/services/runtimeconfig.googleapis.com  x-goog-user-project=vitaltrack-vcode-7a4b6
[debug] [2026-03-12T11:04:03.035Z] <<< [apiv2][status] GET https://serviceusage.googleapis.com/v1/projects/vitaltrack-vcode-7a4b6/services/runtimeconfig.googleapis.com 200
[debug] [2026-03-12T11:04:03.035Z] <<< [apiv2][body] GET https://serviceusage.googleapis.com/v1/projects/vitaltrack-vcode-7a4b6/services/runtimeconfig.googleapis.com [omitted]
[debug] [2026-03-12T11:04:03.098Z] <<< [apiv2][status] GET https://serviceusage.googleapis.com/v1/projects/vitaltrack-vcode-7a4b6/services/cloudfunctions.googleapis.com 200
[debug] [2026-03-12T11:04:03.098Z] <<< [apiv2][body] GET https://serviceusage.googleapis.com/v1/projects/vitaltrack-vcode-7a4b6/services/cloudfunctions.googleapis.com [omitted]
[debug] [2026-03-12T11:04:03.099Z] Checked if tokens are valid: true, expires at: 1773316750361
[debug] [2026-03-12T11:04:03.099Z] Checked if tokens are valid: true, expires at: 1773316750361
[debug] [2026-03-12T11:04:03.099Z] >>> [apiv2][query] POST https://serviceusage.googleapis.com/v1/projects/vitaltrack-vcode-7a4b6/services/cloudfunctions.googleapis.com:enable [none]
[debug] [2026-03-12T11:04:03.099Z] >>> [apiv2][(partial)header] POST https://serviceusage.googleapis.com/v1/projects/vitaltrack-vcode-7a4b6/services/cloudfunctions.googleapis.com:enable  x-goog-user-project=vitaltrack-vcode-7a4b6
[debug] [2026-03-12T11:04:05.097Z] <<< [apiv2][status] POST https://serviceusage.googleapis.com/v1/projects/vitaltrack-vcode-7a4b6/services/cloudfunctions.googleapis.com:enable 200
[debug] [2026-03-12T11:04:05.098Z] <<< [apiv2][body] POST https://serviceusage.googleapis.com/v1/projects/vitaltrack-vcode-7a4b6/services/cloudfunctions.googleapis.com:enable [omitted]
[info] Let's create a new codebase for your functions.
[info] A directory corresponding to the codebase will be created in your project
[info] with sample code pre-configured.

[info] See https://firebase.google.com/docs/functions/organize-functions for
[info] more information on organizing your functions using codebases.

[info] Functions can be deployed with firebase deploy.

[info] +  Wrote functions/requirements.txt 
[info] +  Wrote functions/.gitignore 
[info] +  Wrote functions/main.py 
[debug] [2026-03-12T11:04:36.238Z] Running command with virtualenv: command="C:\Users\vidur\vitaltrack-backend\functions\venv\Scripts\activate.bat", args=["","&&","pip3","install","--upgrade","pip"]
[debug] [2026-03-12T11:04:36.553Z] Error: spawn "C:\Users\vidur\vitaltrack-backend\functions\venv\Scripts\activate.bat" ENOENT
    at notFoundError (C:\Users\vidur\AppData\Roaming\npm\node_modules\firebase-tools\node_modules\cross-spawn\lib\enoent.js:6:26)
    at verifyENOENT (C:\Users\vidur\AppData\Roaming\npm\node_modules\firebase-tools\node_modules\cross-spawn\lib\enoent.js:40:16)
    at cp.emit (C:\Users\vidur\AppData\Roaming\npm\node_modules\firebase-tools\node_modules\cross-spawn\lib\enoent.js:27:25)
    at ChildProcess._handle.onexit (node:internal/child_process:294:12)
[error] 
[error] Error: An unexpected error has occurred.
